<?xml version="1.0" encoding="UTF-8"?>
<!-- Generated by org.testng.reporters.JUnitXMLReporter -->
<testsuite ignored="0" hostname="asanis-MacBook-Pro.local" failures="0" tests="3" name="Test 1" time="100.659" errors="0" timestamp="2024-02-01T19:15:18 WIB">
  <testcase classname="org.farhan.tests.HomePageTest" name="validationBangkoktoSingapura" time="23.48"/>
  <testcase classname="org.farhan.tests.HomePageTest" name="checkFilterFlight" time="3.845"/>
  <testcase classname="org.farhan.tests.HomePageTest" name="checkValidationErrorOTP" time="62.026"/>
</testsuite> <!-- Test 1 -->
