<?xml version="1.0" encoding="UTF-8"?>
<testng-results ignored="0" total="3" passed="3" failed="0" skipped="0">
  <reporter-output>
  </reporter-output>
  <suite started-at="2024-02-01T19:13:37 WIB" name="Home Page Suite" finished-at="2024-02-01T19:15:18 WIB" duration-ms="100659">
    <groups>
    </groups>
    <test started-at="2024-02-01T19:13:37 WIB" name="Test 1" finished-at="2024-02-01T19:15:18 WIB" duration-ms="100659">
      <class name="org.farhan.tests.HomePageTest">
        <test-method is-config="true" signature="globalSetup()[pri:0, instance:org.farhan.tests.HomePageTest@58c1c010]" started-at="2024-02-01T19:13:37 WIB" name="globalSetup" finished-at="2024-02-01T19:13:37 WIB" duration-ms="11" status="PASS">
          <reporter-output>
          </reporter-output>
        </test-method> <!-- globalSetup -->
        <test-method is-config="true" signature="setup()[pri:0, instance:org.farhan.tests.HomePageTest@58c1c010]" started-at="2024-02-01T19:13:37 WIB" name="setup" finished-at="2024-02-01T19:13:47 WIB" duration-ms="9849" status="PASS">
          <reporter-output>
          </reporter-output>
        </test-method> <!-- setup -->
        <test-method is-config="true" signature="setupPages()[pri:0, instance:org.farhan.tests.HomePageTest@58c1c010]" started-at="2024-02-01T19:13:47 WIB" name="setupPages" finished-at="2024-02-01T19:13:48 WIB" duration-ms="411" status="PASS">
          <reporter-output>
          </reporter-output>
        </test-method> <!-- setupPages -->
        <test-method signature="validationBangkoktoSingapura()[pri:1, instance:org.farhan.tests.HomePageTest@58c1c010]" started-at="2024-02-01T19:13:48 WIB" name="validationBangkoktoSingapura" finished-at="2024-02-01T19:14:11 WIB" duration-ms="23480" status="PASS">
          <reporter-output>
          </reporter-output>
        </test-method> <!-- validationBangkoktoSingapura -->
        <test-method is-config="true" signature="setupPages()[pri:0, instance:org.farhan.tests.HomePageTest@58c1c010]" started-at="2024-02-01T19:14:11 WIB" name="setupPages" finished-at="2024-02-01T19:14:11 WIB" duration-ms="3" status="PASS">
          <reporter-output>
          </reporter-output>
        </test-method> <!-- setupPages -->
        <test-method signature="checkFilterFlight()[pri:2, instance:org.farhan.tests.HomePageTest@58c1c010]" started-at="2024-02-01T19:14:11 WIB" name="checkFilterFlight" finished-at="2024-02-01T19:14:15 WIB" duration-ms="3845" status="PASS">
          <reporter-output>
          </reporter-output>
        </test-method> <!-- checkFilterFlight -->
        <test-method is-config="true" signature="setupPages()[pri:0, instance:org.farhan.tests.HomePageTest@58c1c010]" started-at="2024-02-01T19:14:15 WIB" name="setupPages" finished-at="2024-02-01T19:14:15 WIB" duration-ms="1" status="PASS">
          <reporter-output>
          </reporter-output>
        </test-method> <!-- setupPages -->
        <test-method signature="checkValidationErrorOTP()[pri:3, instance:org.farhan.tests.HomePageTest@58c1c010]" started-at="2024-02-01T19:14:15 WIB" name="checkValidationErrorOTP" finished-at="2024-02-01T19:15:17 WIB" duration-ms="62026" status="PASS">
          <reporter-output>
          </reporter-output>
        </test-method> <!-- checkValidationErrorOTP -->
        <test-method is-config="true" signature="tearDown()[pri:0, instance:org.farhan.tests.HomePageTest@58c1c010]" started-at="2024-02-01T19:15:17 WIB" name="tearDown" finished-at="2024-02-01T19:15:18 WIB" duration-ms="971" status="PASS">
          <reporter-output>
          </reporter-output>
        </test-method> <!-- tearDown -->
        <test-method is-config="true" signature="globalTearDown()[pri:0, instance:org.farhan.tests.HomePageTest@58c1c010]" started-at="2024-02-01T19:15:18 WIB" name="globalTearDown" finished-at="2024-02-01T19:15:18 WIB" duration-ms="3" status="PASS">
          <reporter-output>
          </reporter-output>
        </test-method> <!-- globalTearDown -->
      </class> <!-- org.farhan.tests.HomePageTest -->
    </test> <!-- Test 1 -->
  </suite> <!-- Home Page Suite -->
</testng-results>
